<?xml version="1.0" encoding="UTF-8"?>
<!-- Generated by org.testng.reporters.JUnitXMLReporter -->
<testsuite ignored="0" hostname="DESKTOP-RRE0LHB" failures="0" tests="8" name="Functinal Test" time="0.546" errors="0" timestamp="2022-05-05T08:09:41 IST">
  <testcase classname="TestAnnotations.Test1" name="M1" time="0.027"/>
  <testcase classname="TestAnnotations.Test1" name="M2" time="0.007"/>
  <testcase classname="TestAnnotations.Test2" name="M1" time="0.018"/>
  <testcase classname="TestAnnotations.Test2" name="M2" time="0.032"/>
  <testcase classname="TestAnnotations.Test3" name="M1" time="0.02"/>
  <testcase classname="TestAnnotations.Test3" name="M2" time="0.012"/>
  <testcase classname="TestAnnotations.Test4" name="M1" time="0.007"/>
  <testcase classname="TestAnnotations.Test4" name="M2" time="0.005"/>
</testsuite> <!-- Functinal Test -->
