<?xml version="1.0" encoding="UTF-8"?>
<!-- Generated by org.testng.reporters.JUnitXMLReporter -->
<testsuite ignored="0" hostname="DESKTOP-RRE0LHB" failures="0" tests="7" name="chrome Browser Test" time="27.381" errors="0" timestamp="2022-05-12T02:16:17 IST">
  <testcase classname="ParaMeterization_CrossBrowser.AllBrowserTseting" name="CrossBrowserTesting" time="22.955"/>
  <testcase classname="ParaMeterization_CrossBrowser.AllBrowserTseting" name="verifyCurrentURL" time="0.047"/>
  <testcase classname="ParaMeterization_CrossBrowser.AllBrowserTseting" name="verifyPageTitle" time="0.032"/>
  <testcase classname="ParaMeterization_CrossBrowser.AllBrowserTseting" name="verifyUsernameField" time="1.22"/>
  <testcase classname="ParaMeterization_CrossBrowser.AllBrowserTseting" name="verifyPasswordField" time="0.607"/>
  <testcase classname="ParaMeterization_CrossBrowser.AllBrowserTseting" name="clickLoginButton" time="0.435"/>
  <testcase classname="ParaMeterization_CrossBrowser.AllBrowserTseting" name="quiteBrowser" time="1.835"/>
</testsuite> <!-- chrome Browser Test -->
