<?xml version="1.0" encoding="UTF-8"?>
<!-- Generated by org.testng.reporters.JUnitXMLReporter -->
<testsuite ignored="0" hostname="DESKTOP-RRE0LHB" failures="0" tests="7" name="FireFox Test" time="50.42" errors="0" timestamp="2022-05-12T02:17:08 IST">
  <testcase classname="ParaMeterization_CrossBrowser.AllBrowserTseting" name="CrossBrowserTesting" time="33.889"/>
  <testcase classname="ParaMeterization_CrossBrowser.AllBrowserTseting" name="verifyCurrentURL" time="0.187"/>
  <testcase classname="ParaMeterization_CrossBrowser.AllBrowserTseting" name="verifyPageTitle" time="0.041"/>
  <testcase classname="ParaMeterization_CrossBrowser.AllBrowserTseting" name="verifyUsernameField" time="3.965"/>
  <testcase classname="ParaMeterization_CrossBrowser.AllBrowserTseting" name="verifyPasswordField" time="0.654"/>
  <testcase classname="ParaMeterization_CrossBrowser.AllBrowserTseting" name="clickLoginButton" time="1.743"/>
  <testcase classname="ParaMeterization_CrossBrowser.AllBrowserTseting" name="quiteBrowser" time="9.828"/>
</testsuite> <!-- FireFox Test -->
