<?xml version="1.0" encoding="UTF-8"?>
<!-- Generated by org.testng.reporters.JUnitXMLReporter -->
<testsuite ignored="0" hostname="DESKTOP-RRE0LHB" failures="0" tests="6" name="fire Browser Test" time="35.013" errors="0" timestamp="2022-05-12T02:05:19 IST">
  <testcase classname="ParaMeterization_CrossBrowser.AllBrowserTseting" name="CrossBrowserTesting" time="31.977"/>
  <testcase classname="ParaMeterization_CrossBrowser.AllBrowserTseting" name="verifyCurrentURL" time="0.033"/>
  <testcase classname="ParaMeterization_CrossBrowser.AllBrowserTseting" name="verifyPageTitle" time="0.173"/>
  <testcase classname="ParaMeterization_CrossBrowser.AllBrowserTseting" name="verifyUsernameField" time="1.532"/>
  <testcase classname="ParaMeterization_CrossBrowser.AllBrowserTseting" name="verifyPasswordField" time="0.636"/>
  <testcase classname="ParaMeterization_CrossBrowser.AllBrowserTseting" name="clickLoginButton" time="0.391"/>
</testsuite> <!-- fire Browser Test -->
