<?xml version="1.0" encoding="UTF-8"?>
<!-- Generated by org.testng.reporters.JUnitXMLReporter -->
<testsuite ignored="0" hostname="DESKTOP-RRE0LHB" failures="0" tests="6" name="Test" time="48.491" errors="0" timestamp="2022-05-12T01:04:21 IST">
  <testcase classname="ParaMeterization_CrossBrowser.AllBrowserTseting" name="CrossBrowserTesting" time="44.727"/>
  <testcase classname="ParaMeterization_CrossBrowser.AllBrowserTseting" name="verifyCurrentURL" time="0.064"/>
  <testcase classname="ParaMeterization_CrossBrowser.AllBrowserTseting" name="verifyPageTitle" time="0.038"/>
  <testcase classname="ParaMeterization_CrossBrowser.AllBrowserTseting" name="verifyUsernameField" time="1.399"/>
  <testcase classname="ParaMeterization_CrossBrowser.AllBrowserTseting" name="verifyPasswordField" time="0.699"/>
  <testcase classname="ParaMeterization_CrossBrowser.AllBrowserTseting" name="clickLoginButton" time="1.267"/>
</testsuite> <!-- Test -->
