<?xml version="1.0" encoding="UTF-8"?>
<!-- Generated by org.testng.reporters.JUnitXMLReporter -->
<testsuite ignored="6" hostname="DESKTOP-RRE0LHB" failures="0" tests="0" time="0.034" errors="0" timestamp="2022-05-10T21:22:11 IST">
  <testcase classname="OnlyPratice.GroupNo1" name="Logout3" time="0.0">
    <ignored/>
  </testcase> <!-- Logout3 -->
  <testcase classname="OnlyPratice.GroupNo1" name="HomeScreen2" time="0.0">
    <ignored/>
  </testcase> <!-- HomeScreen2 -->
  <testcase classname="OnlyPratice.GroupNo2" name="LogoutInsta" time="0.0">
    <ignored/>
  </testcase> <!-- LogoutInsta -->
  <testcase classname="OnlyPratice.GroupNo2" name="LoginInsta" time="0.0">
    <ignored/>
  </testcase> <!-- LoginInsta -->
  <testcase classname="OnlyPratice.GroupNo1" name="Login1" time="0.0">
    <ignored/>
  </testcase> <!-- Login1 -->
  <testcase classname="OnlyPratice.GroupNo2" name="HomeScreenInsta" time="0.0">
    <ignored/>
  </testcase> <!-- HomeScreenInsta -->
</testsuite>
