<?xml version="1.0" encoding="UTF-8"?>
<!-- Generated by org.testng.reporters.JUnitXMLReporter -->
<testsuite ignored="1" hostname="DESKTOP-RRE0LHB" failures="0" tests="8" name="Master Test" time="0.486" errors="0" timestamp="2022-05-10T20:50:03 IST">
  <testcase classname="Grouping.ClassNo1" name="Test1" time="0.031"/>
  <testcase classname="Grouping.ClassNo1" name="Test2" time="0.017"/>
  <testcase classname="Grouping.ClassNo2" name="Test4" time="0.004"/>
  <testcase classname="Grouping.ClassNo2" name="Test5" time="0.014"/>
  <testcase classname="Grouping.ClassNo2" name="Test6" time="0.02"/>
  <testcase classname="Grouping.ClassNo3" name="Test7" time="0.032"/>
  <testcase classname="Grouping.ClassNo3" name="Test8" time="0.017"/>
  <testcase classname="Grouping.ClassNo3" name="Test9" time="0.017"/>
  <testcase classname="Grouping.ClassNo1" name="Test3" time="0.0">
    <ignored/>
  </testcase> <!-- Test3 -->
</testsuite> <!-- Master Test -->
