<?xml version="1.0" encoding="UTF-8"?>
<!-- Generated by org.testng.reporters.JUnitXMLReporter -->
<testsuite ignored="0" hostname="DESKTOP-RRE0LHB" failures="0" tests="6" name="Cross Test" time="56.577" errors="0" timestamp="2022-05-12T01:53:17 IST">
  <testcase classname="ParaMeterization_CrossBrowser.CCopyFileALlBrowserTEsting" name="CrossBrowserTesting" time="46.28"/>
  <testcase classname="ParaMeterization_CrossBrowser.CCopyFileALlBrowserTEsting" name="verifyCurrentURL" time="2.423"/>
  <testcase classname="ParaMeterization_CrossBrowser.CCopyFileALlBrowserTEsting" name="verifyPageTitle" time="0.391"/>
  <testcase classname="ParaMeterization_CrossBrowser.CCopyFileALlBrowserTEsting" name="verifyUsernameField" time="4.694"/>
  <testcase classname="ParaMeterization_CrossBrowser.CCopyFileALlBrowserTEsting" name="verifyPasswordField" time="0.795"/>
  <testcase classname="ParaMeterization_CrossBrowser.CCopyFileALlBrowserTEsting" name="clickLoginButton" time="1.763"/>
</testsuite> <!-- Cross Test -->
