<?xml version="1.0" encoding="UTF-8"?>
<!-- Generated by org.testng.reporters.JUnitXMLReporter -->
<testsuite ignored="0" hostname="DESKTOP-RRE0LHB" failures="0" tests="3" name="MediaTest" time="0.434" errors="0" timestamp="2022-05-08T18:31:53 IST">
  <testcase classname="OnlyPratice.Class1" name="HomeScreenFB" time="0.048"/>
  <testcase classname="OnlyPratice.Class2" name="HomeScreenInsta" time="0.016"/>
  <testcase classname="OnlyPratice.Class3" name="HomeScreenTwitter" time="0.015"/>
</testsuite> <!-- MediaTest -->
