<?xml version="1.0" encoding="UTF-8"?>
<!-- Generated by org.testng.reporters.JUnitXMLReporter -->
<testsuite ignored="0" hostname="DESKTOP-RRE0LHB" failures="0" tests="4" name="Tests" time="0.375" errors="0" timestamp="2022-05-05T08:07:50 IST">
  <testcase classname="TestAnnotations.Test3" name="M1" time="0.038"/>
  <testcase classname="TestAnnotations.Test3" name="M2" time="0.02"/>
  <testcase classname="TestAnnotations.Test4" name="M1" time="0.011"/>
  <testcase classname="TestAnnotations.Test4" name="M2" time="0.016"/>
</testsuite> <!-- Tests -->
